2018-10-07 09:20:28,783 [main] FATAL ui.AVRSim - Encountered fatal error...
parse.ParseException: [46,8] Fatal parsing error
	at parse.sim_inst.report_fatal_error(sim_inst.java:616)
	at parse.sim_inst.unrecovered_syntax_error(sim_inst.java:607)
	at java_cup.runtime.lr_parser.parse(lr_parser.java:616)
	at parse.ReadAssem.getProgram(ReadAssem.java:37)
	at ui.AVRSim.loadAssemFile(AVRSim.java:67)
	at ui.AVRSim.run(AVRSim.java:76)
	at ui.Main.main(Main.java:134)
	at sun.reflect.NativeMethodAccessorImpl.invoke0(Native Method)
	at sun.reflect.NativeMethodAccessorImpl.invoke(NativeMethodAccessorImpl.java:39)
	at sun.reflect.DelegatingMethodAccessorImpl.invoke(DelegatingMethodAccessorImpl.java:25)
	at java.lang.reflect.Method.invoke(Method.java:597)
	at com.simontuffs.onejar.Boot.run(Boot.java:340)
	at com.simontuffs.onejar.Boot.main(Boot.java:166)
2018-10-07 09:24:45,716 [main] FATAL ui.Main - Assembly File passed in does not exist.
2018-10-29 19:41:53,489 [main] FATAL ui.AVRSim - Encountered fatal error...
java.lang.NullPointerException
	at parse.ReadAssem.getProgram(ReadAssem.java:37)
	at ui.AVRSim.loadAssemFile(AVRSim.java:67)
	at ui.AVRSim.run(AVRSim.java:76)
	at ui.Main.main(Main.java:134)
	at sun.reflect.NativeMethodAccessorImpl.invoke0(Native Method)
	at sun.reflect.NativeMethodAccessorImpl.invoke(NativeMethodAccessorImpl.java:39)
	at sun.reflect.DelegatingMethodAccessorImpl.invoke(DelegatingMethodAccessorImpl.java:25)
	at java.lang.reflect.Method.invoke(Method.java:597)
	at com.simontuffs.onejar.Boot.run(Boot.java:340)
	at com.simontuffs.onejar.Boot.main(Boot.java:166)
